<?xml version="1.0" encoding="UTF-8"?>
<!-- Generated by org.testng.reporters.JUnitReportReporter -->
<testsuite hostname="DESKTOP-5SFAHUT" failures="0" tests="1" name="practice.testng.SampleTest" time="0.022" errors="0" timestamp="2024-10-15T10:38:26 IST" skipped="0">
  <testcase classname="practice.testng.SampleTest" name="sampleTest" time="0.022"/>
  <system-out/>
</testsuite> <!-- practice.testng.SampleTest -->
