<?xml version="1.0" encoding="UTF-8"?>
<!-- Generated by org.testng.reporters.JUnitReportReporter -->
<testsuite hostname="DESKTOP-5SFAHUT" failures="0" tests="3" name="com.vtiger.crm.contactpomtest.Create_Contact_Using_POM_Test" time="91.571" errors="0" timestamp="2024-10-18T15:45:22 IST" skipped="0">
  <testcase classname="com.vtiger.crm.contactpomtest.Create_Contact_Using_POM_Test" name="createContactWithSupportDateTest" time="23.223"/>
  <system-out/>
  <testcase classname="com.vtiger.crm.contactpomtest.Create_Contact_Using_POM_Test" name="createContactTest" time="29.058"/>
  <system-out/>
  <testcase classname="com.vtiger.crm.contactpomtest.Create_Contact_Using_POM_Test" name="createContactWithOrganizationTest" time="39.290"/>
  <system-out/>
</testsuite> <!-- com.vtiger.crm.contactpomtest.Create_Contact_Using_POM_Test -->
