<?xml version="1.0" encoding="UTF-8"?>
<!-- Generated by org.testng.reporters.JUnitReportReporter -->
<testsuite hostname="DESKTOP-5SFAHUT" failures="0" tests="2" name="practice.test.Car" time="0.511" errors="0" timestamp="2024-10-24T18:07:00 IST" skipped="0">
  <testcase classname="practice.test.Car" name="drift" time="0.423"/>
  <system-out/>
  <testcase classname="practice.test.Car" name="sleppy" time="0.088"/>
  <system-out/>
</testsuite> <!-- practice.test.Car -->
