<?xml version="1.0" encoding="UTF-8"?>
<!-- Generated by org.testng.reporters.JUnitReportReporter -->
<testsuite hostname="DESKTOP-5SFAHUT" failures="0" tests="3" name="com.vtiger.crm.opportunitiespomtest.Create_Opportunities_Test" time="119.390" errors="0" timestamp="2024-10-29T10:08:28 IST" skipped="0">
  <testcase classname="com.vtiger.crm.opportunitiespomtest.Create_Opportunities_Test" name="createOpportunitiesWithExpectedCloseDateTest" time="36.920"/>
  <system-out/>
  <testcase classname="com.vtiger.crm.opportunitiespomtest.Create_Opportunities_Test" name="createOpportunitiesWithAmountTest" time="43.094"/>
  <system-out/>
  <testcase classname="com.vtiger.crm.opportunitiespomtest.Create_Opportunities_Test" name="createOpportunitiesTest" time="39.376"/>
  <system-out/>
</testsuite> <!-- com.vtiger.crm.opportunitiespomtest.Create_Opportunities_Test -->
