<?xml version="1.0" encoding="UTF-8"?>
<!-- Generated by org.testng.reporters.JUnitReportReporter -->
<testsuite hostname="DESKTOP-5SFAHUT" failures="0" tests="3" name="practice.testng.Create_Contact_Using_DataProvider_2nd_Test" time="0.045" errors="0" timestamp="2024-10-17T10:49:23 IST" skipped="0">
  <testcase classname="practice.testng.Create_Contact_Using_DataProvider_2nd_Test" name="createContactTest" time="0.015"/>
  <system-out/>
  <testcase classname="practice.testng.Create_Contact_Using_DataProvider_2nd_Test" name="createContactTest" time="0.008"/>
  <system-out/>
  <testcase classname="practice.testng.Create_Contact_Using_DataProvider_2nd_Test" name="createContactTest" time="0.022"/>
  <system-out/>
</testsuite> <!-- practice.testng.Create_Contact_Using_DataProvider_2nd_Test -->
