<?xml version="1.0" encoding="UTF-8"?>
<!-- Generated by org.testng.reporters.JUnitReportReporter -->
<testsuite hostname="DESKTOP-5SFAHUT" failures="0" tests="11" name="practice.testng.Invocation_Count_Test" time="0.108" errors="0" timestamp="2024-10-16T15:48:10 IST" skipped="1">
  <testcase classname="practice.testng.Invocation_Count_Test" name="createOrderTest" time="0.012"/>
  <system-out/>
  <testcase classname="practice.testng.Invocation_Count_Test" name="createOrderTest" time="0.009"/>
  <system-out/>
  <testcase classname="practice.testng.Invocation_Count_Test" name="createOrderTest" time="0.007"/>
  <system-out/>
  <testcase classname="practice.testng.Invocation_Count_Test" name="createOrderTest" time="0.014"/>
  <system-out/>
  <testcase classname="practice.testng.Invocation_Count_Test" name="createOrderTest" time="0.031"/>
  <system-out/>
  <testcase classname="practice.testng.Invocation_Count_Test" name="createOrderTest" time="0.005"/>
  <system-out/>
  <testcase classname="practice.testng.Invocation_Count_Test" name="createOrderTest" time="0.008"/>
  <system-out/>
  <testcase classname="practice.testng.Invocation_Count_Test" name="createOrderTest" time="0.005"/>
  <system-out/>
  <testcase classname="practice.testng.Invocation_Count_Test" name="createOrderTest" time="0.008"/>
  <system-out/>
  <testcase classname="practice.testng.Invocation_Count_Test" name="createOrderTest" time="0.009"/>
  <system-out/>
  <testcase classname="practice.testng.Invocation_Count_Test" name="billingAnOrderTest">
    <skipped/>
  </testcase> <!-- billingAnOrderTest -->
  <system-out/>
</testsuite> <!-- practice.testng.Invocation_Count_Test -->
