<?xml version="1.0" encoding="UTF-8"?>
<!-- Generated by org.testng.reporters.JUnitReportReporter -->
<testsuite hostname="DESKTOP-5SFAHUT" failures="0" tests="3" name="practice.testng.Lead_Test" time="0.042" errors="0" timestamp="2024-10-16T14:53:39 IST" skipped="0">
  <testcase classname="practice.testng.Lead_Test" name="createLeadTest" time="0.025"/>
  <system-out/>
  <testcase classname="practice.testng.Lead_Test" name="modifyLeadTest" time="0.009"/>
  <system-out/>
  <testcase classname="practice.testng.Lead_Test" name="createdeleteTest" time="0.008"/>
  <system-out/>
</testsuite> <!-- practice.testng.Lead_Test -->
