<?xml version="1.0" encoding="UTF-8"?>
<!-- Generated by org.testng.reporters.JUnitReportReporter -->
<testsuite hostname="DESKTOP-5SFAHUT" failures="0" tests="2" name="practice.testng.TestNG" time="0.033" errors="0" timestamp="2024-10-16T18:04:06 IST" skipped="0">
  <testcase classname="practice.testng.TestNG" name="deleteLead" time="0.028"/>
  <system-out/>
  <testcase classname="practice.testng.TestNG" name="recreateLead" time="0.005"/>
  <system-out/>
</testsuite> <!-- practice.testng.TestNG -->
