<?xml version="1.0" encoding="UTF-8"?>
<!-- Generated by org.testng.reporters.JUnitReportReporter -->
<testsuite hostname="DESKTOP-5SFAHUT" failures="0" tests="3" name="com.vtiger.crm.leadpomtest.Create_Lead_Test" time="85.071" errors="0" timestamp="2024-10-29T10:05:10 IST" skipped="0">
  <testcase classname="com.vtiger.crm.leadpomtest.Create_Lead_Test" name="createLeadWithPhoneNumberTest" time="20.360"/>
  <system-out/>
  <testcase classname="com.vtiger.crm.leadpomtest.Create_Lead_Test" name="createLeadTest" time="35.691"/>
  <system-out/>
  <testcase classname="com.vtiger.crm.leadpomtest.Create_Lead_Test" name="createLeadWithIndustryTest" time="29.020"/>
  <system-out/>
</testsuite> <!-- com.vtiger.crm.leadpomtest.Create_Lead_Test -->
