<?xml version="1.0" encoding="UTF-8"?>
<!-- Generated by org.testng.reporters.JUnitReportReporter -->
<testsuite hostname="DESKTOP-5SFAHUT" failures="0" tests="2" name="practice.test.Bike" time="0.142" errors="0" timestamp="2024-10-24T18:07:00 IST" skipped="0">
  <testcase classname="practice.test.Bike" name="speed" time="0.076"/>
  <system-out/>
  <testcase classname="practice.test.Bike" name="stoppie" time="0.066"/>
  <system-out/>
</testsuite> <!-- practice.test.Bike -->
