<?xml version="1.0" encoding="UTF-8"?>
<!-- Generated by org.testng.reporters.JUnitReportReporter -->
<testsuite hostname="DESKTOP-5SFAHUT" failures="0" tests="3" name="practice.testng.Create_Contact_Using_DataProvider_Test" time="0.049" errors="0" timestamp="2024-10-17T10:42:45 IST" skipped="0">
  <testcase classname="practice.testng.Create_Contact_Using_DataProvider_Test" name="createContactTest" time="0.034"/>
  <system-out/>
  <testcase classname="practice.testng.Create_Contact_Using_DataProvider_Test" name="createContactTest" time="0.008"/>
  <system-out/>
  <testcase classname="practice.testng.Create_Contact_Using_DataProvider_Test" name="createContactTest" time="0.007"/>
  <system-out/>
</testsuite> <!-- practice.testng.Create_Contact_Using_DataProvider_Test -->
