<?xml version="1.0" encoding="UTF-8"?>
<!-- Generated by org.testng.reporters.JUnitReportReporter -->
<testsuite hostname="DESKTOP-5SFAHUT" failures="0" tests="3" name="com.vtiger.crm.orgpomtest.Create_Organization_Test" time="88.340" errors="0" timestamp="2024-10-29T10:15:48 IST" skipped="0">
  <testcase classname="com.vtiger.crm.orgpomtest.Create_Organization_Test" name="createOrgWithIndustryTest" time="24.436"/>
  <system-out/>
  <testcase classname="com.vtiger.crm.orgpomtest.Create_Organization_Test" name="createOrgWithPhoneNumberTest" time="25.641"/>
  <system-out/>
  <testcase classname="com.vtiger.crm.orgpomtest.Create_Organization_Test" name="createOrgTest" time="38.263"/>
  <system-out/>
</testsuite> <!-- com.vtiger.crm.orgpomtest.Create_Organization_Test -->
