<?xml version="1.0" encoding="UTF-8"?>
<!-- Generated by org.testng.reporters.JUnitReportReporter -->
<testsuite hostname="DESKTOP-5SFAHUT" failures="0" tests="1" name="com.vtiger.crm.productpomtest.Create_Product_Test" time="27.424" errors="0" timestamp="2024-10-29T10:22:07 IST" skipped="0">
  <testcase classname="com.vtiger.crm.productpomtest.Create_Product_Test" name="createProductAndSearchByProductNameTest" time="27.424"/>
  <system-out/>
</testsuite> <!-- com.vtiger.crm.productpomtest.Create_Product_Test -->
