<?xml version="1.0" encoding="UTF-8"?>
<!-- Generated by org.testng.reporters.JUnitReportReporter -->
<testsuite hostname="DESKTOP-5SFAHUT" failures="0" tests="2" name="practice.testng.Contact_Test" time="0.032" errors="0" timestamp="2024-10-16T11:05:48 IST" skipped="0">
  <testcase classname="practice.testng.Contact_Test" name="create_Contact_With_Mobile_Number_Test" time="0.006"/>
  <system-out/>
  <testcase classname="practice.testng.Contact_Test" name="create_Contact_Test" time="0.026"/>
  <system-out/>
</testsuite> <!-- practice.testng.Contact_Test -->
