<?xml version="1.0" encoding="UTF-8"?>
<!-- Generated by org.testng.reporters.JUnitReportReporter -->
<testsuite hostname="DESKTOP-5SFAHUT" failures="0" tests="3" name="com.vtiger.crm.leadpomtest.Create_Lead_Using_POM_Test" time="79.826" errors="0" timestamp="2024-10-18T16:06:24 IST" skipped="0">
  <testcase classname="com.vtiger.crm.leadpomtest.Create_Lead_Using_POM_Test" name="createLeadWithPhoneNumberTest" time="26.736"/>
  <system-out/>
  <testcase classname="com.vtiger.crm.leadpomtest.Create_Lead_Using_POM_Test" name="createLeadWithIndustryTest" time="25.704"/>
  <system-out/>
  <testcase classname="com.vtiger.crm.leadpomtest.Create_Lead_Using_POM_Test" name="createLeadTest" time="27.386"/>
  <system-out/>
</testsuite> <!-- com.vtiger.crm.leadpomtest.Create_Lead_Using_POM_Test -->
