<?xml version="1.0" encoding="UTF-8"?>
<!-- Generated by org.testng.reporters.JUnitXMLReporter -->
<testsuite ignored="0" hostname="DESKTOP-5SFAHUT" failures="0" tests="3" name="Test-2" time="158.446" errors="0" timestamp="2024-10-23T11:22:46 IST">
  <testcase classname="com.vtiger.crm.contactpomtest.Create_Contact_Test" name="createContactTest" time="49.322"/>
  <testcase classname="com.vtiger.crm.contactpomtest.Create_Contact_Test" name="createContactWithOrganizationTest" time="39.593"/>
  <testcase classname="com.vtiger.crm.contactpomtest.Create_Contact_Test" name="createContactWithSupportDateTest" time="17.756"/>
</testsuite> <!-- Test-2 -->
